Change Component Comment : Designator=R17 Old Comment=0 New Comment=100
Change Component Comment : Designator=R18 Old Comment=0 New Comment=100
Change Component Comment : Designator=R16 Old Comment=1K5 New Comment=100
Change Component Comment : Designator=C2 Old Comment=1uF_X5R_0603 New Comment=20pF
Change Component Comment : Designator=C13 Old Comment=1uF_X5R_0603 New Comment=100nF
Change Component Comment : Designator=R7 Old Comment=2K7 New Comment=100[N/A]
Change Component Comment : Designator=R4 Old Comment=4K7 New Comment=10K
Change Component Comment : Designator=R23 Old Comment=4K7 New Comment=36K
Change Component Comment : Designator=R27 Old Comment=4K7 New Comment=100K
Change Component Comment : Designator=R26 Old Comment=10K New Comment=0
Change Component Comment : Designator=R1 Old Comment=10K New Comment=2K7
Change Component Comment : Designator=R2 Old Comment=10K New Comment=4K7
Change Component Comment : Designator=R3 Old Comment=10K New Comment=100K
Change Component Comment : Designator=R12 Old Comment=10K New Comment=100K
Change Component Comment : Designator=C9 Old Comment=10nF_X7R_0603 New Comment=100nF
Change Component Comment : Designator=C8 Old Comment=20pF New Comment=10nF_X7R_0603
Change Component Comment : Designator=C3 Old Comment=20pF New Comment=20pF[N/A]
Change Component Comment : Designator=C10 Old Comment=20pF New Comment=100nF
Change Component Comment : Designator=R5 Old Comment=22 New Comment=10K
Change Component Comment : Designator=R13 Old Comment=22 New Comment=100
Change Component Comment : Designator=R22 Old Comment=22 New Comment=100
Change Component Comment : Designator=R10 Old Comment=36K New Comment=22
Change Component Comment : Designator=R25 Old Comment=100 New Comment=0
Change Component Comment : Designator=R24 Old Comment=100 New Comment=1K5
Change Component Comment : Designator=R21 Old Comment=100 New Comment=10K
Change Component Comment : Designator=R9 Old Comment=100 New Comment=22
Change Component Comment : Designator=R11 Old Comment=100 New Comment=22
Change Component Comment : Designator=R20 Old Comment=100 New Comment=[N/A]
Change Component Comment : Designator=R14 Old Comment=100K New Comment=4K7
Change Component Comment : Designator=R15 Old Comment=100K New Comment=4K7
Change Component Comment : Designator=R6 Old Comment=100K New Comment=10K[N/A]
Change Component Comment : Designator=C5 Old Comment=100nF New Comment=1uF_X5R_0603
Change Component Comment : Designator=C6 Old Comment=100nF New Comment=1uF_X5R_0603
Change Component Comment : Designator=C1 Old Comment=100nF New Comment=20pF
Change Component Comment : Designator=CN1 Old Comment=5075BMR-05-SM New Comment=Header 6X1
Change Component Comment : Designator=CN4 Old Comment=Header 6X1 New Comment=
Change Component Comment : Designator=U1 Old Comment=LD3985M33R New Comment=STM32F103CBT6
Change Component Comment : Designator=U2 Old Comment=STM32F103CBT6 New Comment=LD3985M33R
Change component parameters: Designator = "CN3"; Footprint = "SIP2/2.54"; UniqueID = "\MGFPNSPY"
Change component parameters. Clean all parameters for all variants
Change component parameters (AddParameter): Name = "Fitted"; Value = "NO"; VariantName = "[No Variations]"
Change component parameters: Designator = "CN2"; Footprint = "1*4"; UniqueID = "\QBHEIULY"
Change component parameters. Clean all parameters for all variants
Change component parameters (AddParameter): Name = "Publisher"; Value = "Altium Limited"; VariantName = "[No Variations]"
Change component parameters (AddParameter): Name = "Revision"; Value = "17-Jul-2002: Re-released for DXP Platform."; VariantName = "[No Variations]"
Change component parameters: Designator = "C1"; Footprint = "0603C"; UniqueID = "\CQGFRNRC"
Change component parameters. Clean all parameters for all variants
Change component parameters (AddParameter): Name = "Revision"; Value = "July-2002: Re-released for DXP Platform."; VariantName = "[No Variations]"
Change component parameters (AddParameter): Name = "Value"; Value = "100nF"; VariantName = "[No Variations]"
Change component parameters: Designator = "C2"; Footprint = "0603C"; UniqueID = "\MRJBQVEO"
Change component parameters. Clean all parameters for all variants
Change component parameters (AddParameter): Name = "Revision"; Value = "July-2002: Re-released for DXP Platform."; VariantName = "[No Variations]"
Change component parameters (AddParameter): Name = "Value"; Value = "100nF"; VariantName = "[No Variations]"
Change component parameters: Designator = "C3"; Footprint = "0603C"; UniqueID = "\VDKAKCTV"
Change component parameters. Clean all parameters for all variants
Change component parameters (AddParameter): Name = "Revision"; Value = "July-2002: Re-released for DXP Platform."; VariantName = "[No Variations]"
Change component parameters (AddParameter): Name = "Value"; Value = "100nF"; VariantName = "[No Variations]"
Change component parameters: Designator = "C4"; Footprint = "0603C"; UniqueID = "\ULSCGLFA"
Change component parameters. Clean all parameters for all variants
Change component parameters (AddParameter): Name = "Revision"; Value = "July-2002: Re-released for DXP Platform."; VariantName = "[No Variations]"
Change component parameters (AddParameter): Name = "Value"; Value = "100nF"; VariantName = "[No Variations]"
Change component parameters: Designator = "C7"; Footprint = "0603C"; UniqueID = "\OJOSEEOC"
Change component parameters. Clean all parameters for all variants
Change component parameters (AddParameter): Name = "Revision"; Value = "July-2002: Re-released for DXP Platform."; VariantName = "[No Variations]"
Change component parameters (AddParameter): Name = "Value"; Value = "100nF"; VariantName = "[No Variations]"
Change component parameters: Designator = "C9"; Footprint = "0603C"; UniqueID = "\EOFXXPBH"
Change component parameters. Clean all parameters for all variants
Change component parameters (AddParameter): Name = "Revision"; Value = "July-2002: Re-released for DXP Platform."; VariantName = "[No Variations]"
Change component parameters (AddParameter): Name = "Value"; Value = "100nF"; VariantName = "[No Variations]"
Change component parameters: Designator = "C10"; Footprint = "0603C"; UniqueID = "\PIMUCSLX"
Change component parameters. Clean all parameters for all variants
Change component parameters (AddParameter): Name = "Revision"; Value = "July-2002: Re-released for DXP Platform."; VariantName = "[No Variations]"
Change component parameters (AddParameter): Name = "Value"; Value = "100nF"; VariantName = "[No Variations]"
Change component parameters: Designator = "C11"; Footprint = "0603C"; UniqueID = "\PLDIITML"
Change component parameters. Clean all parameters for all variants
Change component parameters (AddParameter): Name = "Revision"; Value = "July-2002: Re-released for DXP Platform."; VariantName = "[No Variations]"
Change component parameters (AddParameter): Name = "Value"; Value = "100nF"; VariantName = "[No Variations]"
Change component parameters: Designator = "C12"; Footprint = "0603C"; UniqueID = "\MFJCTCGE"
Change component parameters. Clean all parameters for all variants
Change component parameters (AddParameter): Name = "Revision"; Value = "July-2002: Re-released for DXP Platform."; VariantName = "[No Variations]"
Change component parameters (AddParameter): Name = "Value"; Value = "100nF"; VariantName = "[No Variations]"
Change component parameters: Designator = "C13"; Footprint = "0603C"; UniqueID = "\GFOTEAIV"
Change component parameters. Clean all parameters for all variants
Change component parameters (AddParameter): Name = "Revision"; Value = "July-2002: Re-released for DXP Platform."; VariantName = "[No Variations]"
Change component parameters (AddParameter): Name = "Value"; Value = "100nF"; VariantName = "[No Variations]"
Change component parameters: Designator = "R3"; Footprint = "0603R"; UniqueID = "\XGQMXAKL"
Change component parameters. Clean all parameters for all variants
Change component parameters (AddParameter): Name = "Value"; Value = "10K"; VariantName = "[No Variations]"
Change component parameters: Designator = "R4"; Footprint = "0603R"; UniqueID = "\TFQXGQLB"
Change component parameters. Clean all parameters for all variants
Change component parameters (AddParameter): Name = "Value"; Value = "10K"; VariantName = "[No Variations]"
Change component parameters: Designator = "R5"; Footprint = "0603R"; UniqueID = "\PCMUWKNY"
Change component parameters. Clean all parameters for all variants
Change component parameters (AddParameter): Name = "Value"; Value = "10K"; VariantName = "[No Variations]"
Change component parameters: Designator = "R7"; Footprint = "0603R"; UniqueID = "\VMDWIBPY"
Change component parameters. Clean all parameters for all variants
Change component parameters (AddParameter): Name = "Value"; Value = "10K"; VariantName = "[No Variations]"
Change component parameters: Designator = "R8"; Footprint = "0603R"; UniqueID = "\EGJQEBPX"
Change component parameters. Clean all parameters for all variants
Change component parameters (AddParameter): Name = "Value"; Value = "10K"; VariantName = "[No Variations]"
Change component parameters: Designator = "R9"; Footprint = "0603R"; UniqueID = "\UMPUGCLF"
Change component parameters. Clean all parameters for all variants
Change component parameters (AddParameter): Name = "Value"; Value = "10K"; VariantName = "[No Variations]"
Change component parameters: Designator = "R10"; Footprint = "0603R"; UniqueID = "\PFIVPAHV"
Change component parameters. Clean all parameters for all variants
Change component parameters (AddParameter): Name = "Value"; Value = "10K"; VariantName = "[No Variations]"
Change component parameters: Designator = "R11"; Footprint = "0603R"; UniqueID = "\XYUYRKWK"
Change component parameters. Clean all parameters for all variants
Change component parameters (AddParameter): Name = "Value"; Value = "10K"; VariantName = "[No Variations]"
Change component parameters: Designator = "R12"; Footprint = "0603R"; UniqueID = "\JOMXEPSI"
Change component parameters. Clean all parameters for all variants
Change component parameters (AddParameter): Name = "Value"; Value = "10K"; VariantName = "[No Variations]"
Change component parameters: Designator = "R13"; Footprint = "0603R"; UniqueID = "\FXGXIKMQ"
Change component parameters. Clean all parameters for all variants
Change component parameters (AddParameter): Name = "Value"; Value = "10K"; VariantName = "[No Variations]"
Change component parameters: Designator = "R16"; Footprint = "0603R"; UniqueID = "\UPYGGTHT"
Change component parameters. Clean all parameters for all variants
Change component parameters (AddParameter): Name = "Value"; Value = "10K"; VariantName = "[No Variations]"
Change component parameters: Designator = "R17"; Footprint = "0603R"; UniqueID = "\QSOIHSBV"
Change component parameters. Clean all parameters for all variants
Change component parameters (AddParameter): Name = "Value"; Value = "10K"; VariantName = "[No Variations]"
Change component parameters: Designator = "R18"; Footprint = "0603R"; UniqueID = "\VXFPMWRU"
Change component parameters. Clean all parameters for all variants
Change component parameters (AddParameter): Name = "Value"; Value = "10K"; VariantName = "[No Variations]"
Change component parameters: Designator = "R19"; Footprint = "0603R"; UniqueID = "\SXYUSTOQ"
Change component parameters. Clean all parameters for all variants
Change component parameters (AddParameter): Name = "Value"; Value = "10K"; VariantName = "[No Variations]"
Change component parameters: Designator = "R22"; Footprint = "0603R"; UniqueID = "\CPEAHHAX"
Change component parameters. Clean all parameters for all variants
Change component parameters (AddParameter): Name = "Value"; Value = "10K"; VariantName = "[No Variations]"
Change component parameters: Designator = "R24"; Footprint = "0603R"; UniqueID = "\QLENQDFF"
Change component parameters. Clean all parameters for all variants
Change component parameters (AddParameter): Name = "Value"; Value = "10K"; VariantName = "[No Variations]"
Change component parameters: Designator = "R25"; Footprint = "0603R"; UniqueID = "\WRPJVNUP"
Change component parameters. Clean all parameters for all variants
Change component parameters (AddParameter): Name = "Value"; Value = "10K"; VariantName = "[No Variations]"
Change component parameters: Designator = "R26"; Footprint = "0603R"; UniqueID = "\URNPCTOP"
Change component parameters. Clean all parameters for all variants
Change component parameters (AddParameter): Name = "Value"; Value = "10K"; VariantName = "[No Variations]"
Change component parameters: Designator = "R27"; Footprint = "0603R"; UniqueID = "\GHNYPQOV"
Change component parameters. Clean all parameters for all variants
Change component parameters (AddParameter): Name = "Value"; Value = "10K"; VariantName = "[No Variations]"
Change component parameters: Designator = "R6"; Footprint = "0603R"; UniqueID = "\QQYBWCRR"
Change component parameters. Clean all parameters for all variants
Change component parameters (AddParameter): Name = "Fitted"; Value = "NO"; VariantName = "[No Variations]"
Change component parameters (AddParameter): Name = "Value"; Value = "10K"; VariantName = "[No Variations]"
Change component parameters: Designator = "R14"; Footprint = "0603R"; UniqueID = "\OVXWINHR"
Change component parameters. Clean all parameters for all variants
Change component parameters (AddParameter): Name = "Fitted"; Value = "NO"; VariantName = "[No Variations]"
Change component parameters (AddParameter): Name = "Value"; Value = "10K"; VariantName = "[No Variations]"
Change component parameters: Designator = "R15"; Footprint = "0603R"; UniqueID = "\FKLKHRGQ"
Change component parameters. Clean all parameters for all variants
Change component parameters (AddParameter): Name = "Fitted"; Value = "NO"; VariantName = "[No Variations]"
Change component parameters (AddParameter): Name = "Value"; Value = "10K"; VariantName = "[No Variations]"
Change component parameters: Designator = "T1"; Footprint = "SOT-23"; UniqueID = "\WWGHGGIV"
Change component parameters. Clean all parameters for all variants
Change component parameters (AddParameter): Name = "Code - JEDEC"; Value = "TO-226-AA"; VariantName = "[No Variations]"
Change component parameters (AddParameter): Name = "Published"; Value = "8-Jun-2000"; VariantName = "[No Variations]"
Change component parameters (AddParameter): Name = "Publisher"; Value = "Altium Limited"; VariantName = "[No Variations]"
Change component parameters (AddParameter): Name = "Revision"; Value = "July-2002: Re-released for DXP Platform."; VariantName = "[No Variations]"
Change component parameters: Designator = "CN1"; Footprint = "1*6P"; UniqueID = "\NVEUIGWC"
Change component parameters. Clean all parameters for all variants
Change component parameters (AddParameter): Name = "LatestRevisionDate"; Value = "17-Jul-2002"; VariantName = "[No Variations]"
Change component parameters (AddParameter): Name = "LatestRevisionNote"; Value = "Re-released for DXP Platform."; VariantName = "[No Variations]"
Change component parameters (AddParameter): Name = "Publisher"; Value = "Altium Limited"; VariantName = "[No Variations]"
Change component parameters: Designator = "SB1"; Footprint = "JP2_SMD"; UniqueID = "\DHASTSAQ"
Change component parameters. Clean all parameters for all variants
Change component parameters (AddParameter): Name = "Published"; Value = "24-Mar-1999"; VariantName = "[No Variations]"
Change component parameters (AddParameter): Name = "Publisher"; Value = "Altium Limited"; VariantName = "[No Variations]"
Change component parameters (AddParameter): Name = "Revision"; Value = "July-2002: Re-released for DXP Platform."; VariantName = "[No Variations]"
Change component parameters (AddParameter): Name = "Solder"; Value = "YES"; VariantName = "[No Variations]"
Change component parameters: Designator = "SB3"; Footprint = "JP2_SMD"; UniqueID = "\OJXQRSOJ"
Change component parameters. Clean all parameters for all variants
Change component parameters (AddParameter): Name = "Published"; Value = "24-Mar-1999"; VariantName = "[No Variations]"
Change component parameters (AddParameter): Name = "Publisher"; Value = "Altium Limited"; VariantName = "[No Variations]"
Change component parameters (AddParameter): Name = "Revision"; Value = "July-2002: Re-released for DXP Platform."; VariantName = "[No Variations]"
Change component parameters (AddParameter): Name = "Solder"; Value = "NO"; VariantName = "[No Variations]"
Change component parameters: Designator = "SB4"; Footprint = "JP2_SMD"; UniqueID = "\SHNSMRBW"
Change component parameters. Clean all parameters for all variants
Change component parameters (AddParameter): Name = "Published"; Value = "24-Mar-1999"; VariantName = "[No Variations]"
Change component parameters (AddParameter): Name = "Publisher"; Value = "Altium Limited"; VariantName = "[No Variations]"
Change component parameters (AddParameter): Name = "Revision"; Value = "July-2002: Re-released for DXP Platform."; VariantName = "[No Variations]"
Change component parameters (AddParameter): Name = "Solder"; Value = "YES"; VariantName = "[No Variations]"
Change component parameters: Designator = "SB5"; Footprint = "JP2_SMD"; UniqueID = "\YVWCPVGL"
Change component parameters. Clean all parameters for all variants
Change component parameters (AddParameter): Name = "Published"; Value = "24-Mar-1999"; VariantName = "[No Variations]"
Change component parameters (AddParameter): Name = "Publisher"; Value = "Altium Limited"; VariantName = "[No Variations]"
Change component parameters (AddParameter): Name = "Revision"; Value = "July-2002: Re-released for DXP Platform."; VariantName = "[No Variations]"
Change component parameters (AddParameter): Name = "Solder"; Value = "NO"; VariantName = "[No Variations]"
Change component parameters: Designator = "SB6"; Footprint = "JP2_SMD"; UniqueID = "\WFKSADOH"
Change component parameters. Clean all parameters for all variants
Change component parameters (AddParameter): Name = "Published"; Value = "24-Mar-1999"; VariantName = "[No Variations]"
Change component parameters (AddParameter): Name = "Publisher"; Value = "Altium Limited"; VariantName = "[No Variations]"
Change component parameters (AddParameter): Name = "Revision"; Value = "July-2002: Re-released for DXP Platform."; VariantName = "[No Variations]"
Change component parameters (AddParameter): Name = "Solder"; Value = "YES"; VariantName = "[No Variations]"
Change component parameters: Designator = "SB7"; Footprint = "JP2_SMD"; UniqueID = "\UFKAQKUV"
Change component parameters. Clean all parameters for all variants
Change component parameters (AddParameter): Name = "Published"; Value = "24-Mar-1999"; VariantName = "[No Variations]"
Change component parameters (AddParameter): Name = "Publisher"; Value = "Altium Limited"; VariantName = "[No Variations]"
Change component parameters (AddParameter): Name = "Revision"; Value = "July-2002: Re-released for DXP Platform."; VariantName = "[No Variations]"
Change component parameters (AddParameter): Name = "Solder"; Value = "NO"; VariantName = "[No Variations]"
Change component parameters: Designator = "SB8"; Footprint = "JP2_SMD"; UniqueID = "\AEMQUUSX"
Change component parameters. Clean all parameters for all variants
Change component parameters (AddParameter): Name = "Published"; Value = "24-Mar-1999"; VariantName = "[No Variations]"
Change component parameters (AddParameter): Name = "Publisher"; Value = "Altium Limited"; VariantName = "[No Variations]"
Change component parameters (AddParameter): Name = "Revision"; Value = "July-2002: Re-released for DXP Platform."; VariantName = "[No Variations]"
Change component parameters (AddParameter): Name = "Solder"; Value = "YES"; VariantName = "[No Variations]"
Change component parameters: Designator = "SB9"; Footprint = "JP2_SMD"; UniqueID = "\GVQLRCPA"
Change component parameters. Clean all parameters for all variants
Change component parameters (AddParameter): Name = "Published"; Value = "24-Mar-1999"; VariantName = "[No Variations]"
Change component parameters (AddParameter): Name = "Publisher"; Value = "Altium Limited"; VariantName = "[No Variations]"
Change component parameters (AddParameter): Name = "Revision"; Value = "July-2002: Re-released for DXP Platform."; VariantName = "[No Variations]"
Change component parameters (AddParameter): Name = "Solder"; Value = "NO"; VariantName = "[No Variations]"
Change component parameters: Designator = "SB10"; Footprint = "JP2_SMD"; UniqueID = "\WETCPWCN"
Change component parameters. Clean all parameters for all variants
Change component parameters (AddParameter): Name = "Published"; Value = "24-Mar-1999"; VariantName = "[No Variations]"
Change component parameters (AddParameter): Name = "Publisher"; Value = "Altium Limited"; VariantName = "[No Variations]"
Change component parameters (AddParameter): Name = "Revision"; Value = "July-2002: Re-released for DXP Platform."; VariantName = "[No Variations]"
Change component parameters (AddParameter): Name = "Solder"; Value = "YES"; VariantName = "[No Variations]"
Change component parameters: Designator = "SB11"; Footprint = "JP2_SMD"; UniqueID = "\QCYIALLA"
Change component parameters. Clean all parameters for all variants
Change component parameters (AddParameter): Name = "Published"; Value = "24-Mar-1999"; VariantName = "[No Variations]"
Change component parameters (AddParameter): Name = "Publisher"; Value = "Altium Limited"; VariantName = "[No Variations]"
Change component parameters (AddParameter): Name = "Revision"; Value = "July-2002: Re-released for DXP Platform."; VariantName = "[No Variations]"
Change component parameters (AddParameter): Name = "Solder"; Value = "NO"; VariantName = "[No Variations]"
Change component parameters: Designator = "SB12"; Footprint = "JP2_SMD"; UniqueID = "\YJBLICOW"
Change component parameters. Clean all parameters for all variants
Change component parameters (AddParameter): Name = "Published"; Value = "24-Mar-1999"; VariantName = "[No Variations]"
Change component parameters (AddParameter): Name = "Publisher"; Value = "Altium Limited"; VariantName = "[No Variations]"
Change component parameters (AddParameter): Name = "Revision"; Value = "July-2002: Re-released for DXP Platform."; VariantName = "[No Variations]"
Change component parameters (AddParameter): Name = "Solder"; Value = "NO"; VariantName = "[No Variations]"
Change component parameters: Designator = "SB13"; Footprint = "JP2_SMD"; UniqueID = "\OHTJLODX"
Change component parameters. Clean all parameters for all variants
Change component parameters (AddParameter): Name = "Published"; Value = "24-Mar-1999"; VariantName = "[No Variations]"
Change component parameters (AddParameter): Name = "Publisher"; Value = "Altium Limited"; VariantName = "[No Variations]"
Change component parameters (AddParameter): Name = "Revision"; Value = "July-2002: Re-released for DXP Platform."; VariantName = "[No Variations]"
Change component parameters (AddParameter): Name = "Solder"; Value = "NO"; VariantName = "[No Variations]"
Change component parameters: Designator = "SB14"; Footprint = "JP2_SMD"; UniqueID = "\GJYKJMIC"
Change component parameters. Clean all parameters for all variants
Change component parameters (AddParameter): Name = "Published"; Value = "24-Mar-1999"; VariantName = "[No Variations]"
Change component parameters (AddParameter): Name = "Publisher"; Value = "Altium Limited"; VariantName = "[No Variations]"
Change component parameters (AddParameter): Name = "Revision"; Value = "July-2002: Re-released for DXP Platform."; VariantName = "[No Variations]"
Change component parameters (AddParameter): Name = "Solder"; Value = "NO"; VariantName = "[No Variations]"
Change component parameters: Designator = "R1"; Footprint = "0603R"; UniqueID = "\SNVCQLIO"
Change component parameters. Clean all parameters for all variants
Change component parameters (AddParameter): Name = "Published"; Value = "8-Jun-2000"; VariantName = "[No Variations]"
Change component parameters (AddParameter): Name = "Publisher"; Value = "Altium Limited"; VariantName = "[No Variations]"
Change component parameters (AddParameter): Name = "Revision"; Value = "July-2002: Re-released for DXP Platform."; VariantName = "[No Variations]"
Change component parameters (AddParameter): Name = "Value"; Value = "1K"; VariantName = "[No Variations]"
Change component parameters: Designator = "R2"; Footprint = "0603R"; UniqueID = "\QOAIGPTM"
Change component parameters. Clean all parameters for all variants
Change component parameters (AddParameter): Name = "Published"; Value = "8-Jun-2000"; VariantName = "[No Variations]"
Change component parameters (AddParameter): Name = "Publisher"; Value = "Altium Limited"; VariantName = "[No Variations]"
Change component parameters (AddParameter): Name = "Revision"; Value = "July-2002: Re-released for DXP Platform."; VariantName = "[No Variations]"
Change component parameters (AddParameter): Name = "Value"; Value = "1K"; VariantName = "[No Variations]"
Change component parameters: Designator = "R20"; Footprint = "0603R"; UniqueID = "\QFJNVOTL"
Change component parameters. Clean all parameters for all variants
Change component parameters (AddParameter): Name = "Published"; Value = "8-Jun-2000"; VariantName = "[No Variations]"
Change component parameters (AddParameter): Name = "Publisher"; Value = "Altium Limited"; VariantName = "[No Variations]"
Change component parameters (AddParameter): Name = "Revision"; Value = "July-2002: Re-released for DXP Platform."; VariantName = "[No Variations]"
Change component parameters (AddParameter): Name = "Value"; Value = "1K"; VariantName = "[No Variations]"
Change component parameters: Designator = "R21"; Footprint = "0603R"; UniqueID = "\FIIQQXEQ"
Change component parameters. Clean all parameters for all variants
Change component parameters (AddParameter): Name = "Published"; Value = "8-Jun-2000"; VariantName = "[No Variations]"
Change component parameters (AddParameter): Name = "Publisher"; Value = "Altium Limited"; VariantName = "[No Variations]"
Change component parameters (AddParameter): Name = "Revision"; Value = "July-2002: Re-released for DXP Platform."; VariantName = "[No Variations]"
Change component parameters (AddParameter): Name = "Value"; Value = "1K"; VariantName = "[No Variations]"
Change component parameters: Designator = "R23"; Footprint = "0603R"; UniqueID = "\VCLTEGUT"
Change component parameters. Clean all parameters for all variants
Change component parameters (AddParameter): Name = "Published"; Value = "8-Jun-2000"; VariantName = "[No Variations]"
Change component parameters (AddParameter): Name = "Publisher"; Value = "Altium Limited"; VariantName = "[No Variations]"
Change component parameters (AddParameter): Name = "Revision"; Value = "July-2002: Re-released for DXP Platform."; VariantName = "[No Variations]"
Change component parameters (AddParameter): Name = "Value"; Value = "1K"; VariantName = "[No Variations]"
Change component parameters: Designator = "X1"; Footprint = "XTAL1"; UniqueID = "\QPNMKGXR"
Change component parameters. Clean all parameters for all variants
Change component parameters (AddParameter): Name = "LatestRevisionDate"; Value = "17-Jul-2002"; VariantName = "[No Variations]"
Change component parameters (AddParameter): Name = "LatestRevisionNote"; Value = "Re-released for DXP Platform."; VariantName = "[No Variations]"
Change component parameters (AddParameter): Name = "PackageReference"; Value = "R38"; VariantName = "[No Variations]"
Change component parameters (AddParameter): Name = "Published"; Value = "8-Jun-2000"; VariantName = "[No Variations]"
Change component parameters (AddParameter): Name = "Publisher"; Value = "Altium Limited"; VariantName = "[No Variations]"
Change component parameters: Designator = "D1"; Footprint = "SOD323/A"; UniqueID = "\LKTXKCIK"
Change component parameters. Clean all parameters for all variants
Change component parameters (AddParameter): Name = "Distrib"; Value = "ST"; VariantName = "[No Variations]"
Change component parameters (AddParameter): Name = "ECCN_US/EU"; Value = "EAR99/NEC"; VariantName = "[No Variations]"
Change component parameters (AddParameter): Name = "Manuf_1"; Value = "STM"; VariantName = "[No Variations]"
Change component parameters (AddParameter): Name = "Manuf_Part_1"; Value = "BAT60JFILM"; VariantName = "[No Variations]"
Change component parameters (AddParameter): Name = "Order"; Value = "BAT60JFILM"; VariantName = "[No Variations]"
Change component parameters (AddParameter): Name = "Provided"; Value = "ST"; VariantName = "[No Variations]"
Change component parameters (AddParameter): Name = "Revision"; Value = "July-2002: Re-released for DXP Platform."; VariantName = "[No Variations]"
Change component parameters: Designator = "D2"; Footprint = "SOD323/A"; UniqueID = "\ORHTNCJT"
Change component parameters. Clean all parameters for all variants
Change component parameters (AddParameter): Name = "Distrib"; Value = "ST"; VariantName = "[No Variations]"
Change component parameters (AddParameter): Name = "ECCN_US/EU"; Value = "EAR99/NEC"; VariantName = "[No Variations]"
Change component parameters (AddParameter): Name = "Manuf_1"; Value = "STM"; VariantName = "[No Variations]"
Change component parameters (AddParameter): Name = "Manuf_Part_1"; Value = "BAT60JFILM"; VariantName = "[No Variations]"
Change component parameters (AddParameter): Name = "Order"; Value = "BAT60JFILM"; VariantName = "[No Variations]"
Change component parameters (AddParameter): Name = "Provided"; Value = "ST"; VariantName = "[No Variations]"
Change component parameters (AddParameter): Name = "Revision"; Value = "July-2002: Re-released for DXP Platform."; VariantName = "[No Variations]"
Change component parameters: Designator = "D3"; Footprint = "SOD323/A"; UniqueID = "\KXDTFLQC"
Change component parameters. Clean all parameters for all variants
Change component parameters (AddParameter): Name = "Distrib"; Value = "ST"; VariantName = "[No Variations]"
Change component parameters (AddParameter): Name = "ECCN_US/EU"; Value = "EAR99/NEC"; VariantName = "[No Variations]"
Change component parameters (AddParameter): Name = "Manuf_1"; Value = "STM"; VariantName = "[No Variations]"
Change component parameters (AddParameter): Name = "Manuf_Part_1"; Value = "BAT60JFILM"; VariantName = "[No Variations]"
Change component parameters (AddParameter): Name = "Order"; Value = "BAT60JFILM"; VariantName = "[No Variations]"
Change component parameters (AddParameter): Name = "Provided"; Value = "ST"; VariantName = "[No Variations]"
Change component parameters (AddParameter): Name = "Revision"; Value = "July-2002: Re-released for DXP Platform."; VariantName = "[No Variations]"
Change component parameters: Designator = "U1"; Footprint = "QFP48 7X7"; UniqueID = "\NAFMKVVO"
Change component parameters. Clean all parameters for all variants
Change component parameters (AddParameter): Name = "Distrib"; Value = "ST"; VariantName = "[No Variations]"
Change component parameters (AddParameter): Name = "ECCN_US/EU"; Value = "3A991A2/NEC"; VariantName = "[No Variations]"
Change component parameters (AddParameter): Name = "Manuf_1"; Value = "STM"; VariantName = "[No Variations]"
Change component parameters (AddParameter): Name = "Manuf_Part_1"; Value = "STM32F103C8T6"; VariantName = "[No Variations]"
Change component parameters (AddParameter): Name = "Order"; Value = "STM32F103C8T6"; VariantName = "[No Variations]"
Change component parameters (AddParameter): Name = "Provided"; Value = "ST"; VariantName = "[No Variations]"
Change component parameters (AddParameter): Name = "Ref St"; Value = "9175981"; VariantName = "[No Variations]"
Change component parameters: Designator = "U2"; Footprint = "SOT-23-5L"; UniqueID = "\ERBTQFKY"
Change component parameters. Clean all parameters for all variants
Change component parameters (AddParameter): Name = "Distrib"; Value = "ST"; VariantName = "[No Variations]"
Change component parameters (AddParameter): Name = "ECCN_US/EU"; Value = "EAR99/NEC"; VariantName = "[No Variations]"
Change component parameters (AddParameter): Name = "Manuf_1"; Value = "STM"; VariantName = "[No Variations]"
Change component parameters (AddParameter): Name = "Manuf_Part_1"; Value = "LD3985M33R"; VariantName = "[No Variations]"
Change component parameters (AddParameter): Name = "Order"; Value = "LD3985M33R"; VariantName = "[No Variations]"
Change component parameters (AddParameter): Name = "Provided"; Value = "ST"; VariantName = "[No Variations]"
Change component parameters (AddParameter): Name = "Ref St"; Value = "9176161"; VariantName = "[No Variations]"
Change component parameters: Designator = "LD1"; Footprint = "HSMF-A201"; UniqueID = "\FFIEFFBL"
Change component parameters. Clean all parameters for all variants
Change component parameters (AddParameter): Name = "cap_dec"; Value = "----"; VariantName = "[No Variations]"
Change component parameters (AddParameter): Name = "Distrib"; Value = "RADIOSPARES"; VariantName = "[No Variations]"
Change component parameters (AddParameter): Name = "Manuf_1"; Value = "Avago Technologies"; VariantName = "[No Variations]"
Change component parameters (AddParameter): Name = "Manuf_2"; Value = ""; VariantName = "[No Variations]"
Change component parameters (AddParameter): Name = "Manuf_Part_1"; Value = "HSMF-A201-A00J1"; VariantName = "[No Variations]"
Change component parameters (AddParameter): Name = "Manuf_Part_2"; Value = ""; VariantName = "[No Variations]"
Change component parameters (AddParameter): Name = "Order"; Value = ""; VariantName = "[No Variations]"
Change component parameters (AddParameter): Name = "Ref St"; Value = "xxxxxx"; VariantName = "[No Variations]"
Change component parameters: Designator = "C5"; Footprint = "0603C"; UniqueID = "\NUIMLKNX"
Change component parameters. Clean all parameters for all variants
Change component parameters (AddParameter): Name = "Manufacturer"; Value = ""; VariantName = "[No Variations]"
Change component parameters (AddParameter): Name = "Manufacturer P/N"; Value = ""; VariantName = "[No Variations]"
Change component parameters (AddParameter): Name = "Order code Farnell"; Value = "1288202RL"; VariantName = "[No Variations]"
Change component parameters (AddParameter): Name = "Order code RS"; Value = ""; VariantName = "[No Variations]"
Change component parameters (AddParameter): Name = "Power"; Value = ""; VariantName = "[No Variations]"
Change component parameters (AddParameter): Name = "Rated voltage"; Value = "25V"; VariantName = "[No Variations]"
Change component parameters (AddParameter): Name = "STS Code"; Value = ""; VariantName = "[No Variations]"
Change component parameters (AddParameter): Name = "Technology"; Value = "X5R"; VariantName = "[No Variations]"
Change component parameters (AddParameter): Name = "Temperature  Factor"; Value = ""; VariantName = "[No Variations]"
Change component parameters (AddParameter): Name = "Temperature Max"; Value = "+125°C"; VariantName = "[No Variations]"
Change component parameters (AddParameter): Name = "Temperature Min"; Value = "-55°C"; VariantName = "[No Variations]"
Change component parameters (AddParameter): Name = "Tolerance"; Value = "10%"; VariantName = "[No Variations]"
Change component parameters (AddParameter): Name = "Value"; Value = "1µF"; VariantName = "[No Variations]"
Change component parameters: Designator = "C6"; Footprint = "0603C"; UniqueID = "\OKKTERVC"
Change component parameters. Clean all parameters for all variants
Change component parameters (AddParameter): Name = "Manufacturer"; Value = ""; VariantName = "[No Variations]"
Change component parameters (AddParameter): Name = "Manufacturer P/N"; Value = ""; VariantName = "[No Variations]"
Change component parameters (AddParameter): Name = "Order code Farnell"; Value = "1288202RL"; VariantName = "[No Variations]"
Change component parameters (AddParameter): Name = "Order code RS"; Value = ""; VariantName = "[No Variations]"
Change component parameters (AddParameter): Name = "Power"; Value = ""; VariantName = "[No Variations]"
Change component parameters (AddParameter): Name = "Rated voltage"; Value = "25V"; VariantName = "[No Variations]"
Change component parameters (AddParameter): Name = "STS Code"; Value = ""; VariantName = "[No Variations]"
Change component parameters (AddParameter): Name = "Technology"; Value = "X5R"; VariantName = "[No Variations]"
Change component parameters (AddParameter): Name = "Temperature  Factor"; Value = ""; VariantName = "[No Variations]"
Change component parameters (AddParameter): Name = "Temperature Max"; Value = "+125°C"; VariantName = "[No Variations]"
Change component parameters (AddParameter): Name = "Temperature Min"; Value = "-55°C"; VariantName = "[No Variations]"
Change component parameters (AddParameter): Name = "Tolerance"; Value = "10%"; VariantName = "[No Variations]"
Change component parameters (AddParameter): Name = "Value"; Value = "1µF"; VariantName = "[No Variations]"
Change component parameters: Designator = "C8"; Footprint = "0603C"; UniqueID = "\ELWQJARF"
Change component parameters. Clean all parameters for all variants
Change component parameters (AddParameter): Name = "Manufacturer"; Value = ""; VariantName = "[No Variations]"
Change component parameters (AddParameter): Name = "Manufacturer P/N"; Value = ""; VariantName = "[No Variations]"
Change component parameters (AddParameter): Name = "Order code Farnell"; Value = "7569548RL"; VariantName = "[No Variations]"
Change component parameters (AddParameter): Name = "Order code RS"; Value = "2040779"; VariantName = "[No Variations]"
Change component parameters (AddParameter): Name = "Power"; Value = ""; VariantName = "[No Variations]"
Change component parameters (AddParameter): Name = "Rated voltage"; Value = "50V"; VariantName = "[No Variations]"
Change component parameters (AddParameter): Name = "STS Code"; Value = ""; VariantName = "[No Variations]"
Change component parameters (AddParameter): Name = "Technology"; Value = "X7R"; VariantName = "[No Variations]"
Change component parameters (AddParameter): Name = "Temperature Factor"; Value = ""; VariantName = "[No Variations]"
Change component parameters (AddParameter): Name = "Temperature Max"; Value = "+125°C"; VariantName = "[No Variations]"
Change component parameters (AddParameter): Name = "Temperature Min"; Value = "-55°C"; VariantName = "[No Variations]"
Change component parameters (AddParameter): Name = "Tolerance"; Value = "10%"; VariantName = "[No Variations]"
Change component parameters (AddParameter): Name = "Value"; Value = "10NF"; VariantName = "[No Variations]"
Added Pin To Net: NetName=OSC_OUT Pin=C1-1
Added Pin To Net: NetName=GND Pin=C1-2
Added Pin To Net: NetName=OSC_IN Pin=C2-1
Added Pin To Net: NetName=GND Pin=C2-2
Added Pin To Net: NetName=NetC3_1 Pin=C3-1
Added Pin To Net: NetName=GND Pin=C3-2
Added Pin To Net: NetName=GND Pin=C4-1
Added Pin To Net: NetName=STM_RST Pin=C4-2
Added Pin To Net: NetName=GND Pin=C5-1
Added Pin To Net: NetName=NetC5_2 Pin=C5-2
Added Pin To Net: NetName=+3V3_ST_LINK Pin=C6-1
Added Pin To Net: NetName=GND Pin=C6-2
Added Pin To Net: NetName=GND Pin=C7-1
Added Pin To Net: NetName=NetC5_2 Pin=C7-2
Added Pin To Net: NetName=GND Pin=C8-1
Added Pin To Net: NetName=NetC8_2 Pin=C8-2
Added Pin To Net: NetName=GND Pin=C9-1
Added Pin To Net: NetName=+3V3_ST_LINK Pin=C9-2
Added Pin To Net: NetName=GND Pin=C10-1
Added Pin To Net: NetName=+3V3_ST_LINK Pin=C10-2
Added Pin To Net: NetName=GND Pin=C11-1
Added Pin To Net: NetName=+3V3_ST_LINK Pin=C11-2
Added Pin To Net: NetName=GND Pin=C12-1
Added Pin To Net: NetName=+3V3_ST_LINK Pin=C12-2
Added Pin To Net: NetName=GND Pin=C13-1
Added Pin To Net: NetName=+3V3_ST_LINK Pin=C13-2
Added Pin To Net: NetName=NetCN1_1 Pin=CN1-1
Added Pin To Net: NetName=NetCN1_2 Pin=CN1-2
Added Pin To Net: NetName=GND Pin=CN1-3
Added Pin To Net: NetName=NetCN1_4 Pin=CN1-4
Added Pin To Net: NetName=NetCN1_5 Pin=CN1-5
Added Pin To Net: NetName=NetCN1_6 Pin=CN1-6
Added Pin To Net: NetName=NetCN1_6 Pin=CN1-6
Added Pin To Net: NetName=NetCN1_6 Pin=CN1-6
Added Pin To Net: NetName=NetCN1_6 Pin=CN1-6
Added Pin To Net: NetName=NetCN1_6 Pin=CN1-6
Added Pin To Net: NetName=NetCN2_1 Pin=CN2-1
Added Pin To Net: NetName=NetCN2_2 Pin=CN2-2
Added Pin To Net: NetName=NetCN2_3 Pin=CN2-3
Added Pin To Net: NetName=NetCN2_4 Pin=CN2-4
Added Pin To Net: NetName=STLINK_RX Pin=CN3-1
Added Pin To Net: NetName=STLINK_TX Pin=CN3-2
Added Pin To Net: NetName=GND Pin=CN4-1
Added Pin To Net: NetName=GND Pin=CN4-2
Added Pin To Net: NetName=NetCN1_1 Pin=D1-1
Added Pin To Net: NetName=NetD1_2 Pin=D1-2
Added Pin To Net: NetName=E5V Pin=D2-1
Added Pin To Net: NetName=NetC5_2 Pin=D2-2
Added Pin To Net: NetName=U5V Pin=D3-1
Added Pin To Net: NetName=NetC5_2 Pin=D3-2
Added Pin To Net: NetName=+3V3_ST_LINK Pin=JP1-1
Added Pin To Net: NetName=NetJP1_2 Pin=JP1-2
Added Pin To Net: NetName=GND Pin=LD1-1
Added Pin To Net: NetName=NetLD1_2 Pin=LD1-2
Added Pin To Net: NetName=NetLD1_3 Pin=LD1-3
Added Pin To Net: NetName=NetLD1_4 Pin=LD1-4
Added Pin To Net: NetName=E5V Pin=R1-1
Added Pin To Net: NetName=NetJP1_2 Pin=R1-2
Added Pin To Net: NetName=NetJP1_2 Pin=R2-1
Added Pin To Net: NetName=GND Pin=R2-2
Added Pin To Net: NetName=GND Pin=R3-1
Added Pin To Net: NetName=NetR3_2 Pin=R3-2
Added Pin To Net: NetName=GND Pin=R4-1
Added Pin To Net: NetName=NetR4_2 Pin=R4-2
Added Pin To Net: NetName=NetCN1_1 Pin=R5-1
Added Pin To Net: NetName=GND Pin=R5-2
Added Pin To Net: NetName=GND Pin=R6-1
Added Pin To Net: NetName=NetR6_2 Pin=R6-2
Added Pin To Net: NetName=NetD1_2 Pin=R7-1
Added Pin To Net: NetName=AIN_1 Pin=R7-2
Added Pin To Net: NetName=NetCN1_2 Pin=R8-1
Added Pin To Net: NetName=T_JTCK Pin=R8-2
Added Pin To Net: NetName=NetCN1_4 Pin=R9-1
Added Pin To Net: NetName=T_JTMS Pin=R9-2
Added Pin To Net: NetName=NetCN1_5 Pin=R10-1
Added Pin To Net: NetName=T_NRST Pin=R10-2
Added Pin To Net: NetName=NetCN1_6 Pin=R11-1
Added Pin To Net: NetName=T_SWO Pin=R11-2
Added Pin To Net: NetName=STM_RST Pin=R12-1
Added Pin To Net: NetName=+3V3_ST_LINK Pin=R12-2
Added Pin To Net: NetName=NetR13_1 Pin=R13-1
Added Pin To Net: NetName=NetC3_1 Pin=R13-2
Added Pin To Net: NetName=+3V3 Pin=R14-1
Added Pin To Net: NetName=AIN_1 Pin=R14-2
Added Pin To Net: NetName=GND Pin=R15-1
Added Pin To Net: NetName=AIN_1 Pin=R15-2
Added Pin To Net: NetName=T_SWDIO_IN Pin=R16-1
Added Pin To Net: NetName=T_JTMS Pin=R16-2
Added Pin To Net: NetName=LED_STLINK Pin=R17-1
Added Pin To Net: NetName=NetLD1_2 Pin=R17-2
Added Pin To Net: NetName=LED_STLINK Pin=R18-1
Added Pin To Net: NetName=NetLD1_3 Pin=R18-2
Added Pin To Net: NetName=NetLD1_4 Pin=R19-1
Added Pin To Net: NetName=+3V3_ST_LINK Pin=R19-2
Added Pin To Net: NetName=+3V3_ST_LINK Pin=R20-1
Added Pin To Net: NetName=NetJP2_2 Pin=R20-2
Added Pin To Net: NetName=NetR21_1 Pin=R21-1
Added Pin To Net: NetName=U5V Pin=R21-2
Added Pin To Net: NetName=NetR21_1 Pin=R22-1
Added Pin To Net: NetName=USB_RENUMn Pin=R22-2
Added Pin To Net: NetName=GND Pin=R23-1
Added Pin To Net: NetName=NetR21_1 Pin=R23-2
Added Pin To Net: NetName=NetCN6_3 Pin=R24-1
Added Pin To Net: NetName=NetR24_2 Pin=R24-2
Added Pin To Net: NetName=NetCN6_2 Pin=R25-1
Added Pin To Net: NetName=USB_DM Pin=R25-2
Added Pin To Net: NetName=NetCN6_3 Pin=R26-1
Added Pin To Net: NetName=USB_DP Pin=R26-2
Added Pin To Net: NetName=NetCN6_4 Pin=R27-1
Added Pin To Net: NetName=GND Pin=R27-2
Added Pin To Net: NetName=T_NRST Pin=SB1-1
Added Pin To Net: NetName=NetSB1_2 Pin=SB1-2
Added Pin To Net: NetName=T_JTCK Pin=SB3-1
Added Pin To Net: NetName=NetCN2_1 Pin=SB3-2
Added Pin To Net: NetName=NetCN2_1 Pin=SB4-1
Added Pin To Net: NetName=+3V3_ST_LINK Pin=SB4-2
Added Pin To Net: NetName=NetSB5_1 Pin=SB5-1
Added Pin To Net: NetName=NetCN2_2 Pin=SB5-2
Added Pin To Net: NetName=NetCN2_2 Pin=SB6-1
Added Pin To Net: NetName=STM_JTCK Pin=SB6-2
Added Pin To Net: NetName=T_JTMS Pin=SB7-1
Added Pin To Net: NetName=NetCN2_3 Pin=SB7-2
Added Pin To Net: NetName=NetCN2_3 Pin=SB8-1
Added Pin To Net: NetName=GND Pin=SB8-2
Added Pin To Net: NetName=NetSB9_1 Pin=SB9-1
Added Pin To Net: NetName=NetCN2_4 Pin=SB9-2
Added Pin To Net: NetName=NetCN2_4 Pin=SB10-1
Added Pin To Net: NetName=STM_JTMS Pin=SB10-2
Added Pin To Net: NetName=NetC3_1 Pin=SB11-1
Added Pin To Net: NetName=MCO Pin=SB11-2
Added Pin To Net: NetName=GND Pin=SB12-1
Added Pin To Net: NetName=STM_RST Pin=SB12-2
Added Pin To Net: NetName=NetSB13_1 Pin=SB13-1
Added Pin To Net: NetName=STLINK_TX Pin=SB13-2
Added Pin To Net: NetName=NetSB14_1 Pin=SB14-1
Added Pin To Net: NetName=STLINK_RX Pin=SB14-2
Added Pin To Net: NetName=NetR24_2 Pin=T1-1
Added Pin To Net: NetName=NetR21_1 Pin=T1-2
Added Pin To Net: NetName=+3V3_ST_LINK Pin=T1-3
Added Pin To Net: NetName=+3V3_ST_LINK Pin=U1-1
Added Pin To Net: NetName=NetR4_2 Pin=U1-2
Added Pin To Net: NetName=NetR6_2 Pin=U1-3
Added Pin To Net: NetName=OSC_IN Pin=U1-5
Added Pin To Net: NetName=NetC5_2 Pin=U2-1
Added Pin To Net: NetName=GND Pin=U2-2
Added Pin To Net: NetName=NetC5_2 Pin=U2-3
Added Pin To Net: NetName=NetC8_2 Pin=U2-4
Added Pin To Net: NetName=+3V3_ST_LINK Pin=U2-5
Added Pin To Net: NetName=OSC_OUT Pin=X1-1
Added Pin To Net: NetName=OSC_IN Pin=X1-2
