Added Net: Name=+3V3_ST_LINK
Added Net: Name=+3V3
Added Net: Name=AIN_1
Added Net: Name=E5V
Added Net: Name=GND
Added Net: Name=LED_STLINK
Added Net: Name=MCO
Added Net: Name=NetC3_1
Added Net: Name=NetC5_2
Added Net: Name=NetC8_2
Added Net: Name=NetCN1_1
Added Net: Name=NetCN1_2
Added Net: Name=NetCN1_4
Added Net: Name=NetCN1_5
Added Net: Name=NetCN1_6
Added Net: Name=NetCN2_1
Added Net: Name=NetCN2_2
Added Net: Name=NetCN2_3
Added Net: Name=NetCN2_4
Added Net: Name=NetCN6_2
Added Net: Name=NetCN6_3
Added Net: Name=NetCN6_4
Added Net: Name=NetD1_2
Added Net: Name=NetJP1_2
Added Net: Name=NetJP2_2
Added Net: Name=NetLD1_2
Added Net: Name=NetLD1_3
Added Net: Name=NetLD1_4
Added Net: Name=NetR3_2
Added Net: Name=NetR4_2
Added Net: Name=NetR6_2
Added Net: Name=NetR13_1
Added Net: Name=NetR21_1
Added Net: Name=NetR24_2
Added Net: Name=NetSB1_2
Added Net: Name=NetSB2_2
Added Net: Name=NetSB5_1
Added Net: Name=NetSB9_1
Added Net: Name=NetSB13_1
Added Net: Name=NetSB14_1
Added Net: Name=NetU1_28
Added Net: Name=OSC_IN
Added Net: Name=OSC_OUT
Added Net: Name=STLINK_RX
Added Net: Name=STLINK_TX
Added Net: Name=STM_JTCK
Added Net: Name=STM_JTMS
Added Net: Name=STM_RST
Added Net: Name=T_JTCK
Added Net: Name=T_JTDI
Added Net: Name=T_JTDO
Added Net: Name=T_JTMS
Added Net: Name=T_NRST
Added Net: Name=T_SWDIO_IN
Added Net: Name=T_SWO
Added Net: Name=U5V
Added Net: Name=USB_DM
Added Net: Name=USB_DP
Added Net: Name=USB_RENUMn
