Remove Pin=R?-2 From Net=AIN_1
Remove Pin=R?-2 From Net=T_NRST
Remove Pin=R?-2 From Net=T_SWO
Remove Pin=R?-2 From Net=USB_DM
Remove Pin=R?-2 From Net=USB_DP
Remove Pin=R?-2 From Net=USB_RENUMn
Remove Pin=SB?-1 From Net=T_NRST
Remove Pin=SB?-1 From Net=T_SWO
Remove Pin=SB?-2 From Net=STM_JTCK
Remove Pin=SB?-2 From Net=STM_JTMS
Remove Pin=U?-15 From Net=T_JTCK
Remove Pin=U?-16 From Net=T_JTDO
Remove Pin=U?-17 From Net=T_JTDI
Remove Pin=U?-18 From Net=T_NRST
Remove Pin=U?-26 From Net=T_JTCK
Remove Pin=U?-30 From Net=LED_STLINK
Remove Pin=U?-31 From Net=T_SWO
Remove Pin=U?-32 From Net=USB_DM
Remove Pin=U?-33 From Net=USB_DP
Remove Pin=U?-34 From Net=STM_JTMS
Remove Pin=U?-37 From Net=STM_JTCK
Remove Pin=U?-38 From Net=USB_RENUMn
